<?xml version="1.0" encoding="UTF-8"?>
<testsuites name="ruff" tests="896" failures="896" errors="0">
    <testsuite name="E:\Repositories\JARVIS\python\HST_emission_power_polygon.py" tests="202" disabled="0" errors="0" failures="202" package="org.ruff">
        <testcase name="org.ruff.D100" classname="E:\Repositories\JARVIS\python\HST_emission_power_polygon" line="1" column="1">
            <failure message="Missing docstring in public module">line 1, col 1, Missing docstring in public module</failure>
        </testcase>
        <testcase name="org.ruff.ERA001" classname="E:\Repositories\JARVIS\python\HST_emission_power_polygon" line="17" column="1">
            <failure message="Found commented-out code">line 17, col 1, Found commented-out code</failure>
        </testcase>
        <testcase name="org.ruff.ERA001" classname="E:\Repositories\JARVIS\python\HST_emission_power_polygon" line="18" column="1">
            <failure message="Found commented-out code">line 18, col 1, Found commented-out code</failure>
        </testcase>
        <testcase name="org.ruff.ERA001" classname="E:\Repositories\JARVIS\python\HST_emission_power_polygon" line="25" column="1">
            <failure message="Found commented-out code">line 25, col 1, Found commented-out code</failure>
        </testcase>
        <testcase name="org.ruff.ERA001" classname="E:\Repositories\JARVIS\python\HST_emission_power_polygon" line="28" column="1">
            <failure message="Found commented-out code">line 28, col 1, Found commented-out code</failure>
        </testcase>
        <testcase name="org.ruff.ERA001" classname="E:\Repositories\JARVIS\python\HST_emission_power_polygon" line="29" column="1">
            <failure message="Found commented-out code">line 29, col 1, Found commented-out code</failure>
        </testcase>
        <testcase name="org.ruff.ERA001" classname="E:\Repositories\JARVIS\python\HST_emission_power_polygon" line="33" column="1">
            <failure message="Found commented-out code">line 33, col 1, Found commented-out code</failure>
        </testcase>
        <testcase name="org.ruff.ERA001" classname="E:\Repositories\JARVIS\python\HST_emission_power_polygon" line="34" column="1">
            <failure message="Found commented-out code">line 34, col 1, Found commented-out code</failure>
        </testcase>
        <testcase name="org.ruff.ERA001" classname="E:\Repositories\JARVIS\python\HST_emission_power_polygon" line="42" column="1">
            <failure message="Found commented-out code">line 42, col 1, Found commented-out code</failure>
        </testcase>
        <testcase name="org.ruff.ERA001" classname="E:\Repositories\JARVIS\python\HST_emission_power_polygon" line="43" column="1">
            <failure message="Found commented-out code">line 43, col 1, Found commented-out code</failure>
        </testcase>
        <testcase name="org.ruff.ERA001" classname="E:\Repositories\JARVIS\python\HST_emission_power_polygon" line="44" column="1">
            <failure message="Found commented-out code">line 44, col 1, Found commented-out code</failure>
        </testcase>
        <testcase name="org.ruff.ERA001" classname="E:\Repositories\JARVIS\python\HST_emission_power_polygon" line="49" column="1">
            <failure message="Found commented-out code">line 49, col 1, Found commented-out code</failure>
        </testcase>
        <testcase name="org.ruff.ERA001" classname="E:\Repositories\JARVIS\python\HST_emission_power_polygon" line="50" column="1">
            <failure message="Found commented-out code">line 50, col 1, Found commented-out code</failure>
        </testcase>
        <testcase name="org.ruff.ERA001" classname="E:\Repositories\JARVIS\python\HST_emission_power_polygon" line="51" column="1">
            <failure message="Found commented-out code">line 51, col 1, Found commented-out code</failure>
        </testcase>
        <testcase name="org.ruff.ERA001" classname="E:\Repositories\JARVIS\python\HST_emission_power_polygon" line="52" column="1">
            <failure message="Found commented-out code">line 52, col 1, Found commented-out code</failure>
        </testcase>
        <testcase name="org.ruff.ERA001" classname="E:\Repositories\JARVIS\python\HST_emission_power_polygon" line="62" column="1">
            <failure message="Found commented-out code">line 62, col 1, Found commented-out code</failure>
        </testcase>
        <testcase name="org.ruff.ERA001" classname="E:\Repositories\JARVIS\python\HST_emission_power_polygon" line="63" column="1">
            <failure message="Found commented-out code">line 63, col 1, Found commented-out code</failure>
        </testcase>
        <testcase name="org.ruff.ERA001" classname="E:\Repositories\JARVIS\python\HST_emission_power_polygon" line="64" column="1">
            <failure message="Found commented-out code">line 64, col 1, Found commented-out code</failure>
        </testcase>
        <testcase name="org.ruff.ERA001" classname="E:\Repositories\JARVIS\python\HST_emission_power_polygon" line="65" column="1">
            <failure message="Found commented-out code">line 65, col 1, Found commented-out code</failure>
        </testcase>
        <testcase name="org.ruff.T201" classname="E:\Repositories\JARVIS\python\HST_emission_power_polygon" line="85" column="1">
            <failure message="`print` found">line 85, col 1, `print` found</failure>
        </testcase>
        <testcase name="org.ruff.ERA001" classname="E:\Repositories\JARVIS\python\HST_emission_power_polygon" line="98" column="1">
            <failure message="Found commented-out code">line 98, col 1, Found commented-out code</failure>
        </testcase>
        <testcase name="org.ruff.ERA001" classname="E:\Repositories\JARVIS\python\HST_emission_power_polygon" line="99" column="1">
            <failure message="Found commented-out code">line 99, col 1, Found commented-out code</failure>
        </testcase>
        <testcase name="org.ruff.ERA001" classname="E:\Repositories\JARVIS\python\HST_emission_power_polygon" line="100" column="1">
            <failure message="Found commented-out code">line 100, col 1, Found commented-out code</failure>
        </testcase>
        <testcase name="org.ruff.ERA001" classname="E:\Repositories\JARVIS\python\HST_emission_power_polygon" line="101" column="1">
            <failure message="Found commented-out code">line 101, col 1, Found commented-out code</failure>
        </testcase>
        <testcase name="org.ruff.ERA001" classname="E:\Repositories\JARVIS\python\HST_emission_power_polygon" line="111" column="1">
            <failure message="Found commented-out code">line 111, col 1, Found commented-out code</failure>
        </testcase>
        <testcase name="org.ruff.T201" classname="E:\Repositories\JARVIS\python\HST_emission_power_polygon" line="132" column="1">
            <failure message="`print` found">line 132, col 1, `print` found</failure>
        </testcase>
        <testcase name="org.ruff.ERA001" classname="E:\Repositories\JARVIS\python\HST_emission_power_polygon" line="160" column="1">
            <failure message="Found commented-out code">line 160, col 1, Found commented-out code</failure>
        </testcase>
        <testcase name="org.ruff.D103" classname="E:\Repositories\JARVIS\python\HST_emission_power_polygon" line="171" column="5">
            <failure message="Missing docstring in public function">line 171, col 5, Missing docstring in public function</failure>
        </testcase>
        <testcase name="org.ruff.ERA001" classname="E:\Repositories\JARVIS\python\HST_emission_power_polygon" line="183" column="1">
            <failure message="Found commented-out code">line 183, col 1, Found commented-out code</failure>
        </testcase>
        <testcase name="org.ruff.ERA001" classname="E:\Repositories\JARVIS\python\HST_emission_power_polygon" line="195" column="1">
            <failure message="Found commented-out code">line 195, col 1, Found commented-out code</failure>
        </testcase>
        <testcase name="org.ruff.ERA001" classname="E:\Repositories\JARVIS\python\HST_emission_power_polygon" line="217" column="1">
            <failure message="Found commented-out code">line 217, col 1, Found commented-out code</failure>
        </testcase>
        <testcase name="org.ruff.ERA001" classname="E:\Repositories\JARVIS\python\HST_emission_power_polygon" line="223" column="1">
            <failure message="Found commented-out code">line 223, col 1, Found commented-out code</failure>
        </testcase>
        <testcase name="org.ruff.ERA001" classname="E:\Repositories\JARVIS\python\HST_emission_power_polygon" line="248" column="1">
            <failure message="Found commented-out code">line 248, col 1, Found commented-out code</failure>
        </testcase>
        <testcase name="org.ruff.ERA001" classname="E:\Repositories\JARVIS\python\HST_emission_power_polygon" line="291" column="1">
            <failure message="Found commented-out code">line 291, col 1, Found commented-out code</failure>
        </testcase>
        <testcase name="org.ruff.ERA001" classname="E:\Repositories\JARVIS\python\HST_emission_power_polygon" line="292" column="1">
            <failure message="Found commented-out code">line 292, col 1, Found commented-out code</failure>
        </testcase>
        <testcase name="org.ruff.ERA001" classname="E:\Repositories\JARVIS\python\HST_emission_power_polygon" line="293" column="1">
            <failure message="Found commented-out code">line 293, col 1, Found commented-out code</failure>
        </testcase>
        <testcase name="org.ruff.ERA001" classname="E:\Repositories\JARVIS\python\HST_emission_power_polygon" line="296" column="1">
            <failure message="Found commented-out code">line 296, col 1, Found commented-out code</failure>
        </testcase>
        <testcase name="org.ruff.ERA001" classname="E:\Repositories\JARVIS\python\HST_emission_power_polygon" line="297" column="1">
            <failure message="Found commented-out code">line 297, col 1, Found commented-out code</failure>
        </testcase>
        <testcase name="org.ruff.ERA001" classname="E:\Repositories\JARVIS\python\HST_emission_power_polygon" line="320" column="1">
            <failure message="Found commented-out code">line 320, col 1, Found commented-out code</failure>
        </testcase>
        <testcase name="org.ruff.ERA001" classname="E:\Repositories\JARVIS\python\HST_emission_power_polygon" line="321" column="1">
            <failure message="Found commented-out code">line 321, col 1, Found commented-out code</failure>
        </testcase>
        <testcase name="org.ruff.ERA001" classname="E:\Repositories\JARVIS\python\HST_emission_power_polygon" line="322" column="1">
            <failure message="Found commented-out code">line 322, col 1, Found commented-out code</failure>
        </testcase>
        <testcase name="org.ruff.ERA001" classname="E:\Repositories\JARVIS\python\HST_emission_power_polygon" line="325" column="1">
            <failure message="Found commented-out code">line 325, col 1, Found commented-out code</failure>
        </testcase>
        <testcase name="org.ruff.ERA001" classname="E:\Repositories\JARVIS\python\HST_emission_power_polygon" line="326" column="1">
            <failure message="Found commented-out code">line 326, col 1, Found commented-out code</failure>
        </testcase>
        <testcase name="org.ruff.ERA001" classname="E:\Repositories\JARVIS\python\HST_emission_power_polygon" line="327" column="1">
            <failure message="Found commented-out code">line 327, col 1, Found commented-out code</failure>
        </testcase>
        <testcase name="org.ruff.ERA001" classname="E:\Repositories\JARVIS\python\HST_emission_power_polygon" line="328" column="1">
            <failure message="Found commented-out code">line 328, col 1, Found commented-out code</failure>
        </testcase>
        <testcase name="org.ruff.ERA001" classname="E:\Repositories\JARVIS\python\HST_emission_power_polygon" line="330" column="1">
            <failure message="Found commented-out code">line 330, col 1, Found commented-out code</failure>
        </testcase>
        <testcase name="org.ruff.ERA001" classname="E:\Repositories\JARVIS\python\HST_emission_power_polygon" line="331" column="1">
            <failure message="Found commented-out code">line 331, col 1, Found commented-out code</failure>
        </testcase>
        <testcase name="org.ruff.ERA001" classname="E:\Repositories\JARVIS\python\HST_emission_power_polygon" line="332" column="1">
            <failure message="Found commented-out code">line 332, col 1, Found commented-out code</failure>
        </testcase>
        <testcase name="org.ruff.ERA001" classname="E:\Repositories\JARVIS\python\HST_emission_power_polygon" line="333" column="1">
            <failure message="Found commented-out code">line 333, col 1, Found commented-out code</failure>
        </testcase>
        <testcase name="org.ruff.ERA001" classname="E:\Repositories\JARVIS\python\HST_emission_power_polygon" line="342" column="1">
            <failure message="Found commented-out code">line 342, col 1, Found commented-out code</failure>
        </testcase>
        <testcase name="org.ruff.ERA001" classname="E:\Repositories\JARVIS\python\HST_emission_power_polygon" line="343" column="1">
            <failure message="Found commented-out code">line 343, col 1, Found commented-out code</failure>
        </testcase>
        <testcase name="org.ruff.ERA001" classname="E:\Repositories\JARVIS\python\HST_emission_power_polygon" line="344" column="1">
            <failure message="Found commented-out code">line 344, col 1, Found commented-out code</failure>
        </testcase>
        <testcase name="org.ruff.ERA001" classname="E:\Repositories\JARVIS\python\HST_emission_power_polygon" line="347" column="1">
            <failure message="Found commented-out code">line 347, col 1, Found commented-out code</failure>
        </testcase>
        <testcase name="org.ruff.ERA001" classname="E:\Repositories\JARVIS\python\HST_emission_power_polygon" line="355" column="1">
            <failure message="Found commented-out code">line 355, col 1, Found commented-out code</failure>
        </testcase>
        <testcase name="org.ruff.ERA001" classname="E:\Repositories\JARVIS\python\HST_emission_power_polygon" line="356" column="1">
            <failure message="Found commented-out code">line 356, col 1, Found commented-out code</failure>
        </testcase>
        <testcase name="org.ruff.ERA001" classname="E:\Repositories\JARVIS\python\HST_emission_power_polygon" line="363" column="5">
            <failure message="Found commented-out code">line 363, col 5, Found commented-out code</failure>
        </testcase>
        <testcase name="org.ruff.ERA001" classname="E:\Repositories\JARVIS\python\HST_emission_power_polygon" line="364" column="5">
            <failure message="Found commented-out code">line 364, col 5, Found commented-out code</failure>
        </testcase>
        <testcase name="org.ruff.ERA001" classname="E:\Repositories\JARVIS\python\HST_emission_power_polygon" line="365" column="5">
            <failure message="Found commented-out code">line 365, col 5, Found commented-out code</failure>
        </testcase>
        <testcase name="org.ruff.ERA001" classname="E:\Repositories\JARVIS\python\HST_emission_power_polygon" line="368" column="5">
            <failure message="Found commented-out code">line 368, col 5, Found commented-out code</failure>
        </testcase>
        <testcase name="org.ruff.ERA001" classname="E:\Repositories\JARVIS\python\HST_emission_power_polygon" line="369" column="5">
            <failure message="Found commented-out code">line 369, col 5, Found commented-out code</failure>
        </testcase>
        <testcase name="org.ruff.ERA001" classname="E:\Repositories\JARVIS\python\HST_emission_power_polygon" line="372" column="5">
            <failure message="Found commented-out code">line 372, col 5, Found commented-out code</failure>
        </testcase>
        <testcase name="org.ruff.ERA001" classname="E:\Repositories\JARVIS\python\HST_emission_power_polygon" line="379" column="1">
            <failure message="Found commented-out code">line 379, col 1, Found commented-out code</failure>
        </testcase>
        <testcase name="org.ruff.ERA001" classname="E:\Repositories\JARVIS\python\HST_emission_power_polygon" line="380" column="1">
            <failure message="Found commented-out code">line 380, col 1, Found commented-out code</failure>
        </testcase>
        <testcase name="org.ruff.ERA001" classname="E:\Repositories\JARVIS\python\HST_emission_power_polygon" line="382" column="1">
            <failure message="Found commented-out code">line 382, col 1, Found commented-out code</failure>
        </testcase>
        <testcase name="org.ruff.ERA001" classname="E:\Repositories\JARVIS\python\HST_emission_power_polygon" line="383" column="1">
            <failure message="Found commented-out code">line 383, col 1, Found commented-out code</failure>
        </testcase>
        <testcase name="org.ruff.ERA001" classname="E:\Repositories\JARVIS\python\HST_emission_power_polygon" line="384" column="1">
            <failure message="Found commented-out code">line 384, col 1, Found commented-out code</failure>
        </testcase>
        <testcase name="org.ruff.ERA001" classname="E:\Repositories\JARVIS\python\HST_emission_power_polygon" line="385" column="1">
            <failure message="Found commented-out code">line 385, col 1, Found commented-out code</failure>
        </testcase>
        <testcase name="org.ruff.ERA001" classname="E:\Repositories\JARVIS\python\HST_emission_power_polygon" line="388" column="1">
            <failure message="Found commented-out code">line 388, col 1, Found commented-out code</failure>
        </testcase>
        <testcase name="org.ruff.ERA001" classname="E:\Repositories\JARVIS\python\HST_emission_power_polygon" line="403" column="1">
            <failure message="Found commented-out code">line 403, col 1, Found commented-out code</failure>
        </testcase>
        <testcase name="org.ruff.ERA001" classname="E:\Repositories\JARVIS\python\HST_emission_power_polygon" line="406" column="1">
            <failure message="Found commented-out code">line 406, col 1, Found commented-out code</failure>
        </testcase>
        <testcase name="org.ruff.ERA001" classname="E:\Repositories\JARVIS\python\HST_emission_power_polygon" line="407" column="1">
            <failure message="Found commented-out code">line 407, col 1, Found commented-out code</failure>
        </testcase>
        <testcase name="org.ruff.ERA001" classname="E:\Repositories\JARVIS\python\HST_emission_power_polygon" line="413" column="1">
            <failure message="Found commented-out code">line 413, col 1, Found commented-out code</failure>
        </testcase>
        <testcase name="org.ruff.ERA001" classname="E:\Repositories\JARVIS\python\HST_emission_power_polygon" line="414" column="1">
            <failure message="Found commented-out code">line 414, col 1, Found commented-out code</failure>
        </testcase>
        <testcase name="org.ruff.ERA001" classname="E:\Repositories\JARVIS\python\HST_emission_power_polygon" line="415" column="1">
            <failure message="Found commented-out code">line 415, col 1, Found commented-out code</failure>
        </testcase>
        <testcase name="org.ruff.ERA001" classname="E:\Repositories\JARVIS\python\HST_emission_power_polygon" line="416" column="1">
            <failure message="Found commented-out code">line 416, col 1, Found commented-out code</failure>
        </testcase>
        <testcase name="org.ruff.ERA001" classname="E:\Repositories\JARVIS\python\HST_emission_power_polygon" line="443" column="5">
            <failure message="Found commented-out code">line 443, col 5, Found commented-out code</failure>
        </testcase>
        <testcase name="org.ruff.ERA001" classname="E:\Repositories\JARVIS\python\HST_emission_power_polygon" line="511" column="17">
            <failure message="Found commented-out code">line 511, col 17, Found commented-out code</failure>
        </testcase>
        <testcase name="org.ruff.ERA001" classname="E:\Repositories\JARVIS\python\HST_emission_power_polygon" line="512" column="17">
            <failure message="Found commented-out code">line 512, col 17, Found commented-out code</failure>
        </testcase>
        <testcase name="org.ruff.ERA001" classname="E:\Repositories\JARVIS\python\HST_emission_power_polygon" line="547" column="1">
            <failure message="Found commented-out code">line 547, col 1, Found commented-out code</failure>
        </testcase>
        <testcase name="org.ruff.D103" classname="E:\Repositories\JARVIS\python\HST_emission_power_polygon" line="551" column="5">
            <failure message="Missing docstring in public function">line 551, col 5, Missing docstring in public function</failure>
        </testcase>
        <testcase name="org.ruff.ERA001" classname="E:\Repositories\JARVIS\python\HST_emission_power_polygon" line="552" column="5">
            <failure message="Found commented-out code">line 552, col 5, Found commented-out code</failure>
        </testcase>
        <testcase name="org.ruff.T201" classname="E:\Repositories\JARVIS\python\HST_emission_power_polygon" line="553" column="5">
            <failure message="`print` found">line 553, col 5, `print` found</failure>
        </testcase>
        <testcase name="org.ruff.RET504" classname="E:\Repositories\JARVIS\python\HST_emission_power_polygon" line="555" column="12">
            <failure message="Unnecessary assignment to `bimage` before `return` statement">line 555, col 12, Unnecessary assignment to `bimage` before `return` statement</failure>
        </testcase>
        <testcase name="org.ruff.ERA001" classname="E:\Repositories\JARVIS\python\HST_emission_power_polygon" line="561" column="1">
            <failure message="Found commented-out code">line 561, col 1, Found commented-out code</failure>
        </testcase>
        <testcase name="org.ruff.ERA001" classname="E:\Repositories\JARVIS\python\HST_emission_power_polygon" line="571" column="1">
            <failure message="Found commented-out code">line 571, col 1, Found commented-out code</failure>
        </testcase>
        <testcase name="org.ruff.ERA001" classname="E:\Repositories\JARVIS\python\HST_emission_power_polygon" line="572" column="1">
            <failure message="Found commented-out code">line 572, col 1, Found commented-out code</failure>
        </testcase>
        <testcase name="org.ruff.ERA001" classname="E:\Repositories\JARVIS\python\HST_emission_power_polygon" line="573" column="1">
            <failure message="Found commented-out code">line 573, col 1, Found commented-out code</failure>
        </testcase>
        <testcase name="org.ruff.ERA001" classname="E:\Repositories\JARVIS\python\HST_emission_power_polygon" line="584" column="1">
            <failure message="Found commented-out code">line 584, col 1, Found commented-out code</failure>
        </testcase>
        <testcase name="org.ruff.D400" classname="E:\Repositories\JARVIS\python\HST_emission_power_polygon" line="606" column="5">
            <failure message="First line should end with a period">line 606, col 5, First line should end with a period</failure>
        </testcase>
        <testcase name="org.ruff.D401" classname="E:\Repositories\JARVIS\python\HST_emission_power_polygon" line="606" column="5">
            <failure message="First line of docstring should be in imperative mood: &quot;Calculates the area in units of degrees^2 of the ROI&quot;">line 606, col 5, First line of docstring should be in imperative mood: &quot;Calculates the area in units of degrees^2 of the ROI&quot;</failure>
        </testcase>
        <testcase name="org.ruff.D415" classname="E:\Repositories\JARVIS\python\HST_emission_power_polygon" line="606" column="5">
            <failure message="First line should end with a period, question mark, or exclamation point">line 606, col 5, First line should end with a period, question mark, or exclamation point</failure>
        </testcase>
        <testcase name="org.ruff.RET504" classname="E:\Repositories\JARVIS\python\HST_emission_power_polygon" line="614" column="12">
            <failure message="Unnecessary assignment to `area` before `return` statement">line 614, col 12, Unnecessary assignment to `area` before `return` statement</failure>
        </testcase>
        <testcase name="org.ruff.D401" classname="E:\Repositories\JARVIS\python\HST_emission_power_polygon" line="618" column="5">
            <failure message="First line of docstring should be in imperative mood: &quot;Converts the area from degrees^2 to km^2&quot;">line 618, col 5, First line of docstring should be in imperative mood: &quot;Converts the area from degrees^2 to km^2&quot;</failure>
        </testcase>
        <testcase name="org.ruff.D415" classname="E:\Repositories\JARVIS\python\HST_emission_power_polygon" line="618" column="5">
            <failure message="First line should end with a period, question mark, or exclamation point">line 618, col 5, First line should end with a period, question mark, or exclamation point</failure>
        </testcase>
        <testcase name="org.ruff.D400" classname="E:\Repositories\JARVIS\python\HST_emission_power_polygon" line="618" column="5">
            <failure message="First line should end with a period">line 618, col 5, First line should end with a period</failure>
        </testcase>
        <testcase name="org.ruff.T201" classname="E:\Repositories\JARVIS\python\HST_emission_power_polygon" line="625" column="1">
            <failure message="`print` found">line 625, col 1, `print` found</failure>
        </testcase>
        <testcase name="org.ruff.T201" classname="E:\Repositories\JARVIS\python\HST_emission_power_polygon" line="626" column="1">
            <failure message="`print` found">line 626, col 1, `print` found</failure>
        </testcase>
        <testcase name="org.ruff.T201" classname="E:\Repositories\JARVIS\python\HST_emission_power_polygon" line="627" column="1">
            <failure message="`print` found">line 627, col 1, `print` found</failure>
        </testcase>
        <testcase name="org.ruff.T201" classname="E:\Repositories\JARVIS\python\HST_emission_power_polygon" line="628" column="1">
            <failure message="`print` found">line 628, col 1, `print` found</failure>
        </testcase>
        <testcase name="org.ruff.ERA001" classname="E:\Repositories\JARVIS\python\HST_emission_power_polygon" line="641" column="1">
            <failure message="Found commented-out code">line 641, col 1, Found commented-out code</failure>
        </testcase>
        <testcase name="org.ruff.ERA001" classname="E:\Repositories\JARVIS\python\HST_emission_power_polygon" line="646" column="1">
            <failure message="Found commented-out code">line 646, col 1, Found commented-out code</failure>
        </testcase>
        <testcase name="org.ruff.ERA001" classname="E:\Repositories\JARVIS\python\HST_emission_power_polygon" line="649" column="1">
            <failure message="Found commented-out code">line 649, col 1, Found commented-out code</failure>
        </testcase>
        <testcase name="org.ruff.ERA001" classname="E:\Repositories\JARVIS\python\HST_emission_power_polygon" line="650" column="1">
            <failure message="Found commented-out code">line 650, col 1, Found commented-out code</failure>
        </testcase>
        <testcase name="org.ruff.ERA001" classname="E:\Repositories\JARVIS\python\HST_emission_power_polygon" line="651" column="1">
            <failure message="Found commented-out code">line 651, col 1, Found commented-out code</failure>
        </testcase>
        <testcase name="org.ruff.ERA001" classname="E:\Repositories\JARVIS\python\HST_emission_power_polygon" line="655" column="1">
            <failure message="Found commented-out code">line 655, col 1, Found commented-out code</failure>
        </testcase>
        <testcase name="org.ruff.ERA001" classname="E:\Repositories\JARVIS\python\HST_emission_power_polygon" line="656" column="1">
            <failure message="Found commented-out code">line 656, col 1, Found commented-out code</failure>
        </testcase>
        <testcase name="org.ruff.ERA001" classname="E:\Repositories\JARVIS\python\HST_emission_power_polygon" line="657" column="1">
            <failure message="Found commented-out code">line 657, col 1, Found commented-out code</failure>
        </testcase>
        <testcase name="org.ruff.ERA001" classname="E:\Repositories\JARVIS\python\HST_emission_power_polygon" line="664" column="1">
            <failure message="Found commented-out code">line 664, col 1, Found commented-out code</failure>
        </testcase>
        <testcase name="org.ruff.ERA001" classname="E:\Repositories\JARVIS\python\HST_emission_power_polygon" line="665" column="1">
            <failure message="Found commented-out code">line 665, col 1, Found commented-out code</failure>
        </testcase>
        <testcase name="org.ruff.ERA001" classname="E:\Repositories\JARVIS\python\HST_emission_power_polygon" line="666" column="1">
            <failure message="Found commented-out code">line 666, col 1, Found commented-out code</failure>
        </testcase>
        <testcase name="org.ruff.ERA001" classname="E:\Repositories\JARVIS\python\HST_emission_power_polygon" line="667" column="1">
            <failure message="Found commented-out code">line 667, col 1, Found commented-out code</failure>
        </testcase>
        <testcase name="org.ruff.ERA001" classname="E:\Repositories\JARVIS\python\HST_emission_power_polygon" line="669" column="1">
            <failure message="Found commented-out code">line 669, col 1, Found commented-out code</failure>
        </testcase>
        <testcase name="org.ruff.ERA001" classname="E:\Repositories\JARVIS\python\HST_emission_power_polygon" line="670" column="1">
            <failure message="Found commented-out code">line 670, col 1, Found commented-out code</failure>
        </testcase>
        <testcase name="org.ruff.ERA001" classname="E:\Repositories\JARVIS\python\HST_emission_power_polygon" line="671" column="1">
            <failure message="Found commented-out code">line 671, col 1, Found commented-out code</failure>
        </testcase>
        <testcase name="org.ruff.ERA001" classname="E:\Repositories\JARVIS\python\HST_emission_power_polygon" line="673" column="1">
            <failure message="Found commented-out code">line 673, col 1, Found commented-out code</failure>
        </testcase>
        <testcase name="org.ruff.ERA001" classname="E:\Repositories\JARVIS\python\HST_emission_power_polygon" line="674" column="1">
            <failure message="Found commented-out code">line 674, col 1, Found commented-out code</failure>
        </testcase>
        <testcase name="org.ruff.ERA001" classname="E:\Repositories\JARVIS\python\HST_emission_power_polygon" line="675" column="1">
            <failure message="Found commented-out code">line 675, col 1, Found commented-out code</failure>
        </testcase>
        <testcase name="org.ruff.ERA001" classname="E:\Repositories\JARVIS\python\HST_emission_power_polygon" line="677" column="1">
            <failure message="Found commented-out code">line 677, col 1, Found commented-out code</failure>
        </testcase>
        <testcase name="org.ruff.ERA001" classname="E:\Repositories\JARVIS\python\HST_emission_power_polygon" line="678" column="1">
            <failure message="Found commented-out code">line 678, col 1, Found commented-out code</failure>
        </testcase>
        <testcase name="org.ruff.ERA001" classname="E:\Repositories\JARVIS\python\HST_emission_power_polygon" line="679" column="1">
            <failure message="Found commented-out code">line 679, col 1, Found commented-out code</failure>
        </testcase>
        <testcase name="org.ruff.ERA001" classname="E:\Repositories\JARVIS\python\HST_emission_power_polygon" line="681" column="1">
            <failure message="Found commented-out code">line 681, col 1, Found commented-out code</failure>
        </testcase>
        <testcase name="org.ruff.ERA001" classname="E:\Repositories\JARVIS\python\HST_emission_power_polygon" line="682" column="1">
            <failure message="Found commented-out code">line 682, col 1, Found commented-out code</failure>
        </testcase>
        <testcase name="org.ruff.ERA001" classname="E:\Repositories\JARVIS\python\HST_emission_power_polygon" line="683" column="1">
            <failure message="Found commented-out code">line 683, col 1, Found commented-out code</failure>
        </testcase>
        <testcase name="org.ruff.ERA001" classname="E:\Repositories\JARVIS\python\HST_emission_power_polygon" line="685" column="1">
            <failure message="Found commented-out code">line 685, col 1, Found commented-out code</failure>
        </testcase>
        <testcase name="org.ruff.ERA001" classname="E:\Repositories\JARVIS\python\HST_emission_power_polygon" line="686" column="1">
            <failure message="Found commented-out code">line 686, col 1, Found commented-out code</failure>
        </testcase>
        <testcase name="org.ruff.ERA001" classname="E:\Repositories\JARVIS\python\HST_emission_power_polygon" line="688" column="1">
            <failure message="Found commented-out code">line 688, col 1, Found commented-out code</failure>
        </testcase>
        <testcase name="org.ruff.ERA001" classname="E:\Repositories\JARVIS\python\HST_emission_power_polygon" line="692" column="1">
            <failure message="Found commented-out code">line 692, col 1, Found commented-out code</failure>
        </testcase>
        <testcase name="org.ruff.ERA001" classname="E:\Repositories\JARVIS\python\HST_emission_power_polygon" line="693" column="1">
            <failure message="Found commented-out code">line 693, col 1, Found commented-out code</failure>
        </testcase>
        <testcase name="org.ruff.ERA001" classname="E:\Repositories\JARVIS\python\HST_emission_power_polygon" line="696" column="1">
            <failure message="Found commented-out code">line 696, col 1, Found commented-out code</failure>
        </testcase>
        <testcase name="org.ruff.ERA001" classname="E:\Repositories\JARVIS\python\HST_emission_power_polygon" line="697" column="1">
            <failure message="Found commented-out code">line 697, col 1, Found commented-out code</failure>
        </testcase>
        <testcase name="org.ruff.ERA001" classname="E:\Repositories\JARVIS\python\HST_emission_power_polygon" line="700" column="1">
            <failure message="Found commented-out code">line 700, col 1, Found commented-out code</failure>
        </testcase>
        <testcase name="org.ruff.ERA001" classname="E:\Repositories\JARVIS\python\HST_emission_power_polygon" line="701" column="1">
            <failure message="Found commented-out code">line 701, col 1, Found commented-out code</failure>
        </testcase>
        <testcase name="org.ruff.ERA001" classname="E:\Repositories\JARVIS\python\HST_emission_power_polygon" line="702" column="1">
            <failure message="Found commented-out code">line 702, col 1, Found commented-out code</failure>
        </testcase>
        <testcase name="org.ruff.ERA001" classname="E:\Repositories\JARVIS\python\HST_emission_power_polygon" line="703" column="1">
            <failure message="Found commented-out code">line 703, col 1, Found commented-out code</failure>
        </testcase>
        <testcase name="org.ruff.ERA001" classname="E:\Repositories\JARVIS\python\HST_emission_power_polygon" line="704" column="1">
            <failure message="Found commented-out code">line 704, col 1, Found commented-out code</failure>
        </testcase>
        <testcase name="org.ruff.ERA001" classname="E:\Repositories\JARVIS\python\HST_emission_power_polygon" line="707" column="1">
            <failure message="Found commented-out code">line 707, col 1, Found commented-out code</failure>
        </testcase>
        <testcase name="org.ruff.ERA001" classname="E:\Repositories\JARVIS\python\HST_emission_power_polygon" line="709" column="1">
            <failure message="Found commented-out code">line 709, col 1, Found commented-out code</failure>
        </testcase>
        <testcase name="org.ruff.ERA001" classname="E:\Repositories\JARVIS\python\HST_emission_power_polygon" line="710" column="1">
            <failure message="Found commented-out code">line 710, col 1, Found commented-out code</failure>
        </testcase>
        <testcase name="org.ruff.ERA001" classname="E:\Repositories\JARVIS\python\HST_emission_power_polygon" line="712" column="1">
            <failure message="Found commented-out code">line 712, col 1, Found commented-out code</failure>
        </testcase>
        <testcase name="org.ruff.ERA001" classname="E:\Repositories\JARVIS\python\HST_emission_power_polygon" line="713" column="1">
            <failure message="Found commented-out code">line 713, col 1, Found commented-out code</failure>
        </testcase>
        <testcase name="org.ruff.ERA001" classname="E:\Repositories\JARVIS\python\HST_emission_power_polygon" line="716" column="1">
            <failure message="Found commented-out code">line 716, col 1, Found commented-out code</failure>
        </testcase>
        <testcase name="org.ruff.ERA001" classname="E:\Repositories\JARVIS\python\HST_emission_power_polygon" line="719" column="1">
            <failure message="Found commented-out code">line 719, col 1, Found commented-out code</failure>
        </testcase>
        <testcase name="org.ruff.ERA001" classname="E:\Repositories\JARVIS\python\HST_emission_power_polygon" line="720" column="1">
            <failure message="Found commented-out code">line 720, col 1, Found commented-out code</failure>
        </testcase>
        <testcase name="org.ruff.ERA001" classname="E:\Repositories\JARVIS\python\HST_emission_power_polygon" line="721" column="1">
            <failure message="Found commented-out code">line 721, col 1, Found commented-out code</failure>
        </testcase>
        <testcase name="org.ruff.ERA001" classname="E:\Repositories\JARVIS\python\HST_emission_power_polygon" line="724" column="1">
            <failure message="Found commented-out code">line 724, col 1, Found commented-out code</failure>
        </testcase>
        <testcase name="org.ruff.ERA001" classname="E:\Repositories\JARVIS\python\HST_emission_power_polygon" line="725" column="1">
            <failure message="Found commented-out code">line 725, col 1, Found commented-out code</failure>
        </testcase>
        <testcase name="org.ruff.ERA001" classname="E:\Repositories\JARVIS\python\HST_emission_power_polygon" line="726" column="1">
            <failure message="Found commented-out code">line 726, col 1, Found commented-out code</failure>
        </testcase>
        <testcase name="org.ruff.ERA001" classname="E:\Repositories\JARVIS\python\HST_emission_power_polygon" line="727" column="1">
            <failure message="Found commented-out code">line 727, col 1, Found commented-out code</failure>
        </testcase>
        <testcase name="org.ruff.ERA001" classname="E:\Repositories\JARVIS\python\HST_emission_power_polygon" line="728" column="1">
            <failure message="Found commented-out code">line 728, col 1, Found commented-out code</failure>
        </testcase>
        <testcase name="org.ruff.ERA001" classname="E:\Repositories\JARVIS\python\HST_emission_power_polygon" line="729" column="1">
            <failure message="Found commented-out code">line 729, col 1, Found commented-out code</failure>
        </testcase>
        <testcase name="org.ruff.ERA001" classname="E:\Repositories\JARVIS\python\HST_emission_power_polygon" line="732" column="1">
            <failure message="Found commented-out code">line 732, col 1, Found commented-out code</failure>
        </testcase>
        <testcase name="org.ruff.ERA001" classname="E:\Repositories\JARVIS\python\HST_emission_power_polygon" line="735" column="1">
            <failure message="Found commented-out code">line 735, col 1, Found commented-out code</failure>
        </testcase>
        <testcase name="org.ruff.ERA001" classname="E:\Repositories\JARVIS\python\HST_emission_power_polygon" line="736" column="1">
            <failure message="Found commented-out code">line 736, col 1, Found commented-out code</failure>
        </testcase>
        <testcase name="org.ruff.ERA001" classname="E:\Repositories\JARVIS\python\HST_emission_power_polygon" line="737" column="1">
            <failure message="Found commented-out code">line 737, col 1, Found commented-out code</failure>
        </testcase>
        <testcase name="org.ruff.ERA001" classname="E:\Repositories\JARVIS\python\HST_emission_power_polygon" line="738" column="1">
            <failure message="Found commented-out code">line 738, col 1, Found commented-out code</failure>
        </testcase>
        <testcase name="org.ruff.ERA001" classname="E:\Repositories\JARVIS\python\HST_emission_power_polygon" line="741" column="1">
            <failure message="Found commented-out code">line 741, col 1, Found commented-out code</failure>
        </testcase>
        <testcase name="org.ruff.ERA001" classname="E:\Repositories\JARVIS\python\HST_emission_power_polygon" line="742" column="1">
            <failure message="Found commented-out code">line 742, col 1, Found commented-out code</failure>
        </testcase>
        <testcase name="org.ruff.ERA001" classname="E:\Repositories\JARVIS\python\HST_emission_power_polygon" line="743" column="1">
            <failure message="Found commented-out code">line 743, col 1, Found commented-out code</failure>
        </testcase>
        <testcase name="org.ruff.ERA001" classname="E:\Repositories\JARVIS\python\HST_emission_power_polygon" line="744" column="1">
            <failure message="Found commented-out code">line 744, col 1, Found commented-out code</failure>
        </testcase>
        <testcase name="org.ruff.ERA001" classname="E:\Repositories\JARVIS\python\HST_emission_power_polygon" line="747" column="1">
            <failure message="Found commented-out code">line 747, col 1, Found commented-out code</failure>
        </testcase>
        <testcase name="org.ruff.ERA001" classname="E:\Repositories\JARVIS\python\HST_emission_power_polygon" line="749" column="1">
            <failure message="Found commented-out code">line 749, col 1, Found commented-out code</failure>
        </testcase>
        <testcase name="org.ruff.ERA001" classname="E:\Repositories\JARVIS\python\HST_emission_power_polygon" line="752" column="1">
            <failure message="Found commented-out code">line 752, col 1, Found commented-out code</failure>
        </testcase>
        <testcase name="org.ruff.ERA001" classname="E:\Repositories\JARVIS\python\HST_emission_power_polygon" line="753" column="1">
            <failure message="Found commented-out code">line 753, col 1, Found commented-out code</failure>
        </testcase>
        <testcase name="org.ruff.ERA001" classname="E:\Repositories\JARVIS\python\HST_emission_power_polygon" line="756" column="1">
            <failure message="Found commented-out code">line 756, col 1, Found commented-out code</failure>
        </testcase>
        <testcase name="org.ruff.ERA001" classname="E:\Repositories\JARVIS\python\HST_emission_power_polygon" line="757" column="1">
            <failure message="Found commented-out code">line 757, col 1, Found commented-out code</failure>
        </testcase>
        <testcase name="org.ruff.ERA001" classname="E:\Repositories\JARVIS\python\HST_emission_power_polygon" line="759" column="1">
            <failure message="Found commented-out code">line 759, col 1, Found commented-out code</failure>
        </testcase>
        <testcase name="org.ruff.ERA001" classname="E:\Repositories\JARVIS\python\HST_emission_power_polygon" line="760" column="1">
            <failure message="Found commented-out code">line 760, col 1, Found commented-out code</failure>
        </testcase>
        <testcase name="org.ruff.ERA001" classname="E:\Repositories\JARVIS\python\HST_emission_power_polygon" line="761" column="1">
            <failure message="Found commented-out code">line 761, col 1, Found commented-out code</failure>
        </testcase>
        <testcase name="org.ruff.ERA001" classname="E:\Repositories\JARVIS\python\HST_emission_power_polygon" line="762" column="1">
            <failure message="Found commented-out code">line 762, col 1, Found commented-out code</failure>
        </testcase>
        <testcase name="org.ruff.ERA001" classname="E:\Repositories\JARVIS\python\HST_emission_power_polygon" line="763" column="1">
            <failure message="Found commented-out code">line 763, col 1, Found commented-out code</failure>
        </testcase>
        <testcase name="org.ruff.ERA001" classname="E:\Repositories\JARVIS\python\HST_emission_power_polygon" line="764" column="1">
            <failure message="Found commented-out code">line 764, col 1, Found commented-out code</failure>
        </testcase>
        <testcase name="org.ruff.ERA001" classname="E:\Repositories\JARVIS\python\HST_emission_power_polygon" line="765" column="1">
            <failure message="Found commented-out code">line 765, col 1, Found commented-out code</failure>
        </testcase>
        <testcase name="org.ruff.ERA001" classname="E:\Repositories\JARVIS\python\HST_emission_power_polygon" line="768" column="1">
            <failure message="Found commented-out code">line 768, col 1, Found commented-out code</failure>
        </testcase>
        <testcase name="org.ruff.ERA001" classname="E:\Repositories\JARVIS\python\HST_emission_power_polygon" line="769" column="1">
            <failure message="Found commented-out code">line 769, col 1, Found commented-out code</failure>
        </testcase>
        <testcase name="org.ruff.ERA001" classname="E:\Repositories\JARVIS\python\HST_emission_power_polygon" line="771" column="1">
            <failure message="Found commented-out code">line 771, col 1, Found commented-out code</failure>
        </testcase>
        <testcase name="org.ruff.ERA001" classname="E:\Repositories\JARVIS\python\HST_emission_power_polygon" line="772" column="1">
            <failure message="Found commented-out code">line 772, col 1, Found commented-out code</failure>
        </testcase>
        <testcase name="org.ruff.ERA001" classname="E:\Repositories\JARVIS\python\HST_emission_power_polygon" line="779" column="1">
            <failure message="Found commented-out code">line 779, col 1, Found commented-out code</failure>
        </testcase>
        <testcase name="org.ruff.ERA001" classname="E:\Repositories\JARVIS\python\HST_emission_power_polygon" line="780" column="1">
            <failure message="Found commented-out code">line 780, col 1, Found commented-out code</failure>
        </testcase>
        <testcase name="org.ruff.ERA001" classname="E:\Repositories\JARVIS\python\HST_emission_power_polygon" line="782" column="1">
            <failure message="Found commented-out code">line 782, col 1, Found commented-out code</failure>
        </testcase>
        <testcase name="org.ruff.ERA001" classname="E:\Repositories\JARVIS\python\HST_emission_power_polygon" line="783" column="1">
            <failure message="Found commented-out code">line 783, col 1, Found commented-out code</failure>
        </testcase>
        <testcase name="org.ruff.ERA001" classname="E:\Repositories\JARVIS\python\HST_emission_power_polygon" line="784" column="1">
            <failure message="Found commented-out code">line 784, col 1, Found commented-out code</failure>
        </testcase>
        <testcase name="org.ruff.ERA001" classname="E:\Repositories\JARVIS\python\HST_emission_power_polygon" line="785" column="1">
            <failure message="Found commented-out code">line 785, col 1, Found commented-out code</failure>
        </testcase>
        <testcase name="org.ruff.ERA001" classname="E:\Repositories\JARVIS\python\HST_emission_power_polygon" line="786" column="1">
            <failure message="Found commented-out code">line 786, col 1, Found commented-out code</failure>
        </testcase>
        <testcase name="org.ruff.ERA001" classname="E:\Repositories\JARVIS\python\HST_emission_power_polygon" line="789" column="1">
            <failure message="Found commented-out code">line 789, col 1, Found commented-out code</failure>
        </testcase>
        <testcase name="org.ruff.ERA001" classname="E:\Repositories\JARVIS\python\HST_emission_power_polygon" line="790" column="1">
            <failure message="Found commented-out code">line 790, col 1, Found commented-out code</failure>
        </testcase>
        <testcase name="org.ruff.ERA001" classname="E:\Repositories\JARVIS\python\HST_emission_power_polygon" line="791" column="1">
            <failure message="Found commented-out code">line 791, col 1, Found commented-out code</failure>
        </testcase>
        <testcase name="org.ruff.ERA001" classname="E:\Repositories\JARVIS\python\HST_emission_power_polygon" line="792" column="1">
            <failure message="Found commented-out code">line 792, col 1, Found commented-out code</failure>
        </testcase>
        <testcase name="org.ruff.ERA001" classname="E:\Repositories\JARVIS\python\HST_emission_power_polygon" line="797" column="1">
            <failure message="Found commented-out code">line 797, col 1, Found commented-out code</failure>
        </testcase>
        <testcase name="org.ruff.ERA001" classname="E:\Repositories\JARVIS\python\HST_emission_power_polygon" line="799" column="1">
            <failure message="Found commented-out code">line 799, col 1, Found commented-out code</failure>
        </testcase>
        <testcase name="org.ruff.ERA001" classname="E:\Repositories\JARVIS\python\HST_emission_power_polygon" line="800" column="1">
            <failure message="Found commented-out code">line 800, col 1, Found commented-out code</failure>
        </testcase>
        <testcase name="org.ruff.ERA001" classname="E:\Repositories\JARVIS\python\HST_emission_power_polygon" line="802" column="1">
            <failure message="Found commented-out code">line 802, col 1, Found commented-out code</failure>
        </testcase>
        <testcase name="org.ruff.ERA001" classname="E:\Repositories\JARVIS\python\HST_emission_power_polygon" line="803" column="1">
            <failure message="Found commented-out code">line 803, col 1, Found commented-out code</failure>
        </testcase>
        <testcase name="org.ruff.ERA001" classname="E:\Repositories\JARVIS\python\HST_emission_power_polygon" line="805" column="1">
            <failure message="Found commented-out code">line 805, col 1, Found commented-out code</failure>
        </testcase>
        <testcase name="org.ruff.ERA001" classname="E:\Repositories\JARVIS\python\HST_emission_power_polygon" line="809" column="1">
            <failure message="Found commented-out code">line 809, col 1, Found commented-out code</failure>
        </testcase>
        <testcase name="org.ruff.ERA001" classname="E:\Repositories\JARVIS\python\HST_emission_power_polygon" line="810" column="1">
            <failure message="Found commented-out code">line 810, col 1, Found commented-out code</failure>
        </testcase>
        <testcase name="org.ruff.ERA001" classname="E:\Repositories\JARVIS\python\HST_emission_power_polygon" line="811" column="1">
            <failure message="Found commented-out code">line 811, col 1, Found commented-out code</failure>
        </testcase>
        <testcase name="org.ruff.ERA001" classname="E:\Repositories\JARVIS\python\HST_emission_power_polygon" line="812" column="1">
            <failure message="Found commented-out code">line 812, col 1, Found commented-out code</failure>
        </testcase>
        <testcase name="org.ruff.ERA001" classname="E:\Repositories\JARVIS\python\HST_emission_power_polygon" line="814" column="1">
            <failure message="Found commented-out code">line 814, col 1, Found commented-out code</failure>
        </testcase>
        <testcase name="org.ruff.ERA001" classname="E:\Repositories\JARVIS\python\HST_emission_power_polygon" line="818" column="1">
            <failure message="Found commented-out code">line 818, col 1, Found commented-out code</failure>
        </testcase>
        <testcase name="org.ruff.ERA001" classname="E:\Repositories\JARVIS\python\HST_emission_power_polygon" line="819" column="1">
            <failure message="Found commented-out code">line 819, col 1, Found commented-out code</failure>
        </testcase>
        <testcase name="org.ruff.ERA001" classname="E:\Repositories\JARVIS\python\HST_emission_power_polygon" line="821" column="1">
            <failure message="Found commented-out code">line 821, col 1, Found commented-out code</failure>
        </testcase>
        <testcase name="org.ruff.ERA001" classname="E:\Repositories\JARVIS\python\HST_emission_power_polygon" line="823" column="1">
            <failure message="Found commented-out code">line 823, col 1, Found commented-out code</failure>
        </testcase>
    </testsuite>
    <testsuite name="E:\Repositories\JARVIS\python\Hisaki_Aurora_Power.py" tests="14" disabled="0" errors="0" failures="14" package="org.ruff">
        <testcase name="org.ruff.D100" classname="E:\Repositories\JARVIS\python\Hisaki_Aurora_Power" line="1" column="1">
            <failure message="Missing docstring in public module">line 1, col 1, Missing docstring in public module</failure>
        </testcase>
        <testcase name="org.ruff.D103" classname="E:\Repositories\JARVIS\python\Hisaki_Aurora_Power" line="13" column="5">
            <failure message="Missing docstring in public function">line 13, col 5, Missing docstring in public function</failure>
        </testcase>
        <testcase name="org.ruff.D103" classname="E:\Repositories\JARVIS\python\Hisaki_Aurora_Power" line="18" column="5">
            <failure message="Missing docstring in public function">line 18, col 5, Missing docstring in public function</failure>
        </testcase>
        <testcase name="org.ruff.ARG001" classname="E:\Repositories\JARVIS\python\Hisaki_Aurora_Power" line="18" column="29">
            <failure message="Unused function argument: `pos`">line 18, col 29, Unused function argument: `pos`</failure>
        </testcase>
        <testcase name="org.ruff.D103" classname="E:\Repositories\JARVIS\python\Hisaki_Aurora_Power" line="28" column="5">
            <failure message="Missing docstring in public function">line 28, col 5, Missing docstring in public function</failure>
        </testcase>
        <testcase name="org.ruff.ARG001" classname="E:\Repositories\JARVIS\python\Hisaki_Aurora_Power" line="28" column="34">
            <failure message="Unused function argument: `pos`">line 28, col 34, Unused function argument: `pos`</failure>
        </testcase>
        <testcase name="org.ruff.RET504" classname="E:\Repositories\JARVIS\python\Hisaki_Aurora_Power" line="30" column="12">
            <failure message="Unnecessary assignment to `hours` before `return` statement">line 30, col 12, Unnecessary assignment to `hours` before `return` statement</failure>
        </testcase>
        <testcase name="org.ruff.D103" classname="E:\Repositories\JARVIS\python\Hisaki_Aurora_Power" line="38" column="5">
            <failure message="Missing docstring in public function">line 38, col 5, Missing docstring in public function</failure>
        </testcase>
        <testcase name="org.ruff.T201" classname="E:\Repositories\JARVIS\python\Hisaki_Aurora_Power" line="45" column="5">
            <failure message="`print` found">line 45, col 5, `print` found</failure>
        </testcase>
        <testcase name="org.ruff.ERA001" classname="E:\Repositories\JARVIS\python\Hisaki_Aurora_Power" line="58" column="5">
            <failure message="Found commented-out code">line 58, col 5, Found commented-out code</failure>
        </testcase>
        <testcase name="org.ruff.T201" classname="E:\Repositories\JARVIS\python\Hisaki_Aurora_Power" line="59" column="5">
            <failure message="`print` found">line 59, col 5, `print` found</failure>
        </testcase>
        <testcase name="org.ruff.ERA001" classname="E:\Repositories\JARVIS\python\Hisaki_Aurora_Power" line="83" column="5">
            <failure message="Found commented-out code">line 83, col 5, Found commented-out code</failure>
        </testcase>
        <testcase name="org.ruff.ERA001" classname="E:\Repositories\JARVIS\python\Hisaki_Aurora_Power" line="90" column="5">
            <failure message="Found commented-out code">line 90, col 5, Found commented-out code</failure>
        </testcase>
        <testcase name="org.ruff.ERA001" classname="E:\Repositories\JARVIS\python\Hisaki_Aurora_Power" line="95" column="5">
            <failure message="Found commented-out code">line 95, col 5, Found commented-out code</failure>
        </testcase>
    </testsuite>
    <testsuite name="E:\Repositories\JARVIS\python\Hisaki_Torus_Power.py" tests="14" disabled="0" errors="0" failures="14" package="org.ruff">
        <testcase name="org.ruff.D100" classname="E:\Repositories\JARVIS\python\Hisaki_Torus_Power" line="1" column="1">
            <failure message="Missing docstring in public module">line 1, col 1, Missing docstring in public module</failure>
        </testcase>
        <testcase name="org.ruff.D103" classname="E:\Repositories\JARVIS\python\Hisaki_Torus_Power" line="13" column="5">
            <failure message="Missing docstring in public function">line 13, col 5, Missing docstring in public function</failure>
        </testcase>
        <testcase name="org.ruff.D103" classname="E:\Repositories\JARVIS\python\Hisaki_Torus_Power" line="18" column="5">
            <failure message="Missing docstring in public function">line 18, col 5, Missing docstring in public function</failure>
        </testcase>
        <testcase name="org.ruff.ARG001" classname="E:\Repositories\JARVIS\python\Hisaki_Torus_Power" line="18" column="29">
            <failure message="Unused function argument: `pos`">line 18, col 29, Unused function argument: `pos`</failure>
        </testcase>
        <testcase name="org.ruff.D103" classname="E:\Repositories\JARVIS\python\Hisaki_Torus_Power" line="28" column="5">
            <failure message="Missing docstring in public function">line 28, col 5, Missing docstring in public function</failure>
        </testcase>
        <testcase name="org.ruff.ARG001" classname="E:\Repositories\JARVIS\python\Hisaki_Torus_Power" line="28" column="34">
            <failure message="Unused function argument: `pos`">line 28, col 34, Unused function argument: `pos`</failure>
        </testcase>
        <testcase name="org.ruff.RET504" classname="E:\Repositories\JARVIS\python\Hisaki_Torus_Power" line="30" column="12">
            <failure message="Unnecessary assignment to `hours` before `return` statement">line 30, col 12, Unnecessary assignment to `hours` before `return` statement</failure>
        </testcase>
        <testcase name="org.ruff.D103" classname="E:\Repositories\JARVIS\python\Hisaki_Torus_Power" line="38" column="5">
            <failure message="Missing docstring in public function">line 38, col 5, Missing docstring in public function</failure>
        </testcase>
        <testcase name="org.ruff.T201" classname="E:\Repositories\JARVIS\python\Hisaki_Torus_Power" line="45" column="5">
            <failure message="`print` found">line 45, col 5, `print` found</failure>
        </testcase>
        <testcase name="org.ruff.T201" classname="E:\Repositories\JARVIS\python\Hisaki_Torus_Power" line="59" column="5">
            <failure message="`print` found">line 59, col 5, `print` found</failure>
        </testcase>
        <testcase name="org.ruff.T201" classname="E:\Repositories\JARVIS\python\Hisaki_Torus_Power" line="60" column="5">
            <failure message="`print` found">line 60, col 5, `print` found</failure>
        </testcase>
        <testcase name="org.ruff.ERA001" classname="E:\Repositories\JARVIS\python\Hisaki_Torus_Power" line="85" column="5">
            <failure message="Found commented-out code">line 85, col 5, Found commented-out code</failure>
        </testcase>
        <testcase name="org.ruff.ERA001" classname="E:\Repositories\JARVIS\python\Hisaki_Torus_Power" line="92" column="5">
            <failure message="Found commented-out code">line 92, col 5, Found commented-out code</failure>
        </testcase>
        <testcase name="org.ruff.ERA001" classname="E:\Repositories\JARVIS\python\Hisaki_Torus_Power" line="97" column="5">
            <failure message="Found commented-out code">line 97, col 5, Found commented-out code</failure>
        </testcase>
    </testsuite>
    <testsuite name="E:\Repositories\JARVIS\python\dt.py" tests="32" disabled="0" errors="0" failures="32" package="org.ruff">
        <testcase name="org.ruff.D100" classname="E:\Repositories\JARVIS\python\dt" line="1" column="1">
            <failure message="Missing docstring in public module">line 1, col 1, Missing docstring in public module</failure>
        </testcase>
        <testcase name="org.ruff.ERA001" classname="E:\Repositories\JARVIS\python\dt" line="3" column="1">
            <failure message="Found commented-out code">line 3, col 1, Found commented-out code</failure>
        </testcase>
        <testcase name="org.ruff.ERA001" classname="E:\Repositories\JARVIS\python\dt" line="4" column="1">
            <failure message="Found commented-out code">line 4, col 1, Found commented-out code</failure>
        </testcase>
        <testcase name="org.ruff.ERA001" classname="E:\Repositories\JARVIS\python\dt" line="5" column="1">
            <failure message="Found commented-out code">line 5, col 1, Found commented-out code</failure>
        </testcase>
        <testcase name="org.ruff.ERA001" classname="E:\Repositories\JARVIS\python\dt" line="6" column="1">
            <failure message="Found commented-out code">line 6, col 1, Found commented-out code</failure>
        </testcase>
        <testcase name="org.ruff.ERA001" classname="E:\Repositories\JARVIS\python\dt" line="7" column="1">
            <failure message="Found commented-out code">line 7, col 1, Found commented-out code</failure>
        </testcase>
        <testcase name="org.ruff.ERA001" classname="E:\Repositories\JARVIS\python\dt" line="8" column="1">
            <failure message="Found commented-out code">line 8, col 1, Found commented-out code</failure>
        </testcase>
        <testcase name="org.ruff.ERA001" classname="E:\Repositories\JARVIS\python\dt" line="9" column="1">
            <failure message="Found commented-out code">line 9, col 1, Found commented-out code</failure>
        </testcase>
        <testcase name="org.ruff.ERA001" classname="E:\Repositories\JARVIS\python\dt" line="10" column="1">
            <failure message="Found commented-out code">line 10, col 1, Found commented-out code</failure>
        </testcase>
        <testcase name="org.ruff.ERA001" classname="E:\Repositories\JARVIS\python\dt" line="11" column="1">
            <failure message="Found commented-out code">line 11, col 1, Found commented-out code</failure>
        </testcase>
        <testcase name="org.ruff.ERA001" classname="E:\Repositories\JARVIS\python\dt" line="12" column="1">
            <failure message="Found commented-out code">line 12, col 1, Found commented-out code</failure>
        </testcase>
        <testcase name="org.ruff.ERA001" classname="E:\Repositories\JARVIS\python\dt" line="13" column="1">
            <failure message="Found commented-out code">line 13, col 1, Found commented-out code</failure>
        </testcase>
        <testcase name="org.ruff.ERA001" classname="E:\Repositories\JARVIS\python\dt" line="14" column="1">
            <failure message="Found commented-out code">line 14, col 1, Found commented-out code</failure>
        </testcase>
        <testcase name="org.ruff.ERA001" classname="E:\Repositories\JARVIS\python\dt" line="15" column="1">
            <failure message="Found commented-out code">line 15, col 1, Found commented-out code</failure>
        </testcase>
        <testcase name="org.ruff.ERA001" classname="E:\Repositories\JARVIS\python\dt" line="16" column="1">
            <failure message="Found commented-out code">line 16, col 1, Found commented-out code</failure>
        </testcase>
        <testcase name="org.ruff.ERA001" classname="E:\Repositories\JARVIS\python\dt" line="17" column="1">
            <failure message="Found commented-out code">line 17, col 1, Found commented-out code</failure>
        </testcase>
        <testcase name="org.ruff.ERA001" classname="E:\Repositories\JARVIS\python\dt" line="18" column="1">
            <failure message="Found commented-out code">line 18, col 1, Found commented-out code</failure>
        </testcase>
        <testcase name="org.ruff.ERA001" classname="E:\Repositories\JARVIS\python\dt" line="20" column="1">
            <failure message="Found commented-out code">line 20, col 1, Found commented-out code</failure>
        </testcase>
        <testcase name="org.ruff.ERA001" classname="E:\Repositories\JARVIS\python\dt" line="22" column="1">
            <failure message="Found commented-out code">line 22, col 1, Found commented-out code</failure>
        </testcase>
        <testcase name="org.ruff.ERA001" classname="E:\Repositories\JARVIS\python\dt" line="25" column="1">
            <failure message="Found commented-out code">line 25, col 1, Found commented-out code</failure>
        </testcase>
        <testcase name="org.ruff.ERA001" classname="E:\Repositories\JARVIS\python\dt" line="27" column="1">
            <failure message="Found commented-out code">line 27, col 1, Found commented-out code</failure>
        </testcase>
        <testcase name="org.ruff.ERA001" classname="E:\Repositories\JARVIS\python\dt" line="29" column="1">
            <failure message="Found commented-out code">line 29, col 1, Found commented-out code</failure>
        </testcase>
        <testcase name="org.ruff.ERA001" classname="E:\Repositories\JARVIS\python\dt" line="32" column="1">
            <failure message="Found commented-out code">line 32, col 1, Found commented-out code</failure>
        </testcase>
        <testcase name="org.ruff.ERA001" classname="E:\Repositories\JARVIS\python\dt" line="34" column="1">
            <failure message="Found commented-out code">line 34, col 1, Found commented-out code</failure>
        </testcase>
        <testcase name="org.ruff.ERA001" classname="E:\Repositories\JARVIS\python\dt" line="36" column="1">
            <failure message="Found commented-out code">line 36, col 1, Found commented-out code</failure>
        </testcase>
        <testcase name="org.ruff.ERA001" classname="E:\Repositories\JARVIS\python\dt" line="38" column="1">
            <failure message="Found commented-out code">line 38, col 1, Found commented-out code</failure>
        </testcase>
        <testcase name="org.ruff.ERA001" classname="E:\Repositories\JARVIS\python\dt" line="41" column="1">
            <failure message="Found commented-out code">line 41, col 1, Found commented-out code</failure>
        </testcase>
        <testcase name="org.ruff.ERA001" classname="E:\Repositories\JARVIS\python\dt" line="43" column="1">
            <failure message="Found commented-out code">line 43, col 1, Found commented-out code</failure>
        </testcase>
        <testcase name="org.ruff.ERA001" classname="E:\Repositories\JARVIS\python\dt" line="44" column="1">
            <failure message="Found commented-out code">line 44, col 1, Found commented-out code</failure>
        </testcase>
        <testcase name="org.ruff.ERA001" classname="E:\Repositories\JARVIS\python\dt" line="45" column="1">
            <failure message="Found commented-out code">line 45, col 1, Found commented-out code</failure>
        </testcase>
        <testcase name="org.ruff.ERA001" classname="E:\Repositories\JARVIS\python\dt" line="47" column="1">
            <failure message="Found commented-out code">line 47, col 1, Found commented-out code</failure>
        </testcase>
        <testcase name="org.ruff.ERA001" classname="E:\Repositories\JARVIS\python\dt" line="48" column="1">
            <failure message="Found commented-out code">line 48, col 1, Found commented-out code</failure>
        </testcase>
    </testsuite>
    <testsuite name="E:\Repositories\JARVIS\python\generate.py" tests="4" disabled="0" errors="0" failures="4" package="org.ruff">
        <testcase name="org.ruff.D205" classname="E:\Repositories\JARVIS\python\generate" line="2" column="1">
            <failure message="1 blank line required between summary line and description">line 2, col 1, 1 blank line required between summary line and description</failure>
        </testcase>
        <testcase name="org.ruff.D400" classname="E:\Repositories\JARVIS\python\generate" line="2" column="1">
            <failure message="First line should end with a period">line 2, col 1, First line should end with a period</failure>
        </testcase>
        <testcase name="org.ruff.D415" classname="E:\Repositories\JARVIS\python\generate" line="2" column="1">
            <failure message="First line should end with a period, question mark, or exclamation point">line 2, col 1, First line should end with a period, question mark, or exclamation point</failure>
        </testcase>
        <testcase name="org.ruff.T201" classname="E:\Repositories\JARVIS\python\generate" line="68" column="9">
            <failure message="`print` found">line 68, col 9, `print` found</failure>
        </testcase>
    </testsuite>
    <testsuite name="E:\Repositories\JARVIS\python\hgr.py" tests="16" disabled="0" errors="0" failures="16" package="org.ruff">
        <testcase name="org.ruff.D100" classname="E:\Repositories\JARVIS\python\hgr" line="1" column="1">
            <failure message="Missing docstring in public module">line 1, col 1, Missing docstring in public module</failure>
        </testcase>
        <testcase name="org.ruff.D103" classname="E:\Repositories\JARVIS\python\hgr" line="16" column="5">
            <failure message="Missing docstring in public function">line 16, col 5, Missing docstring in public function</failure>
        </testcase>
        <testcase name="org.ruff.ERA001" classname="E:\Repositories\JARVIS\python\hgr" line="106" column="5">
            <failure message="Found commented-out code">line 106, col 5, Found commented-out code</failure>
        </testcase>
        <testcase name="org.ruff.ERA001" classname="E:\Repositories\JARVIS\python\hgr" line="107" column="5">
            <failure message="Found commented-out code">line 107, col 5, Found commented-out code</failure>
        </testcase>
        <testcase name="org.ruff.D103" classname="E:\Repositories\JARVIS\python\hgr" line="121" column="5">
            <failure message="Missing docstring in public function">line 121, col 5, Missing docstring in public function</failure>
        </testcase>
        <testcase name="org.ruff.ERA001" classname="E:\Repositories\JARVIS\python\hgr" line="151" column="5">
            <failure message="Found commented-out code">line 151, col 5, Found commented-out code</failure>
        </testcase>
        <testcase name="org.ruff.ERA001" classname="E:\Repositories\JARVIS\python\hgr" line="294" column="1">
            <failure message="Found commented-out code">line 294, col 1, Found commented-out code</failure>
        </testcase>
        <testcase name="org.ruff.ERA001" classname="E:\Repositories\JARVIS\python\hgr" line="304" column="1">
            <failure message="Found commented-out code">line 304, col 1, Found commented-out code</failure>
        </testcase>
        <testcase name="org.ruff.ERA001" classname="E:\Repositories\JARVIS\python\hgr" line="305" column="1">
            <failure message="Found commented-out code">line 305, col 1, Found commented-out code</failure>
        </testcase>
        <testcase name="org.ruff.ERA001" classname="E:\Repositories\JARVIS\python\hgr" line="306" column="1">
            <failure message="Found commented-out code">line 306, col 1, Found commented-out code</failure>
        </testcase>
        <testcase name="org.ruff.RUF005" classname="E:\Repositories\JARVIS\python\hgr" line="308" column="10">
            <failure message="Consider `[*axs, [ax]]` instead of concatenation">line 308, col 10, Consider `[*axs, [ax]]` instead of concatenation</failure>
        </testcase>
        <testcase name="org.ruff.ERA001" classname="E:\Repositories\JARVIS\python\hgr" line="322" column="1">
            <failure message="Found commented-out code">line 322, col 1, Found commented-out code</failure>
        </testcase>
        <testcase name="org.ruff.ERA001" classname="E:\Repositories\JARVIS\python\hgr" line="327" column="1">
            <failure message="Found commented-out code">line 327, col 1, Found commented-out code</failure>
        </testcase>
        <testcase name="org.ruff.ERA001" classname="E:\Repositories\JARVIS\python\hgr" line="329" column="1">
            <failure message="Found commented-out code">line 329, col 1, Found commented-out code</failure>
        </testcase>
        <testcase name="org.ruff.ERA001" classname="E:\Repositories\JARVIS\python\hgr" line="330" column="1">
            <failure message="Found commented-out code">line 330, col 1, Found commented-out code</failure>
        </testcase>
        <testcase name="org.ruff.ERA001" classname="E:\Repositories\JARVIS\python\hgr" line="331" column="1">
            <failure message="Found commented-out code">line 331, col 1, Found commented-out code</failure>
        </testcase>
    </testsuite>
    <testsuite name="E:\Repositories\JARVIS\python\jarvis\__init__.py" tests="4" disabled="0" errors="0" failures="4" package="org.ruff">
        <testcase name="org.ruff.D400" classname="E:\Repositories\JARVIS\python\jarvis\__init__" line="2" column="1">
            <failure message="First line should end with a period">line 2, col 1, First line should end with a period</failure>
        </testcase>
        <testcase name="org.ruff.D415" classname="E:\Repositories\JARVIS\python\jarvis\__init__" line="2" column="1">
            <failure message="First line should end with a period, question mark, or exclamation point">line 2, col 1, First line should end with a period, question mark, or exclamation point</failure>
        </testcase>
        <testcase name="org.ruff.D401" classname="E:\Repositories\JARVIS\python\jarvis\__init__" line="38" column="9">
            <failure message="First line of docstring should be in imperative mood: &quot;Function requires SPICE kernels to be loaded.&quot;">line 38, col 9, First line of docstring should be in imperative mood: &quot;Function requires SPICE kernels to be loaded.&quot;</failure>
        </testcase>
        <testcase name="org.ruff.RUF005" classname="E:\Repositories\JARVIS\python\jarvis\__init__" line="69" column="5">
            <failure message="Consider iterable unpacking instead of concatenation">line 69, col 5, Consider iterable unpacking instead of concatenation</failure>
        </testcase>
    </testsuite>
    <testsuite name="E:\Repositories\JARVIS\python\jarvis\const.py" tests="3" disabled="0" errors="0" failures="3" package="org.ruff">
        <testcase name="org.ruff.D200" classname="E:\Repositories\JARVIS\python\jarvis\const" line="2" column="1">
            <failure message="One-line docstring should fit on one line">line 2, col 1, One-line docstring should fit on one line</failure>
        </testcase>
        <testcase name="org.ruff.D212" classname="E:\Repositories\JARVIS\python\jarvis\const" line="2" column="1">
            <failure message="Multi-line docstring summary should start at the first line">line 2, col 1, Multi-line docstring summary should start at the first line</failure>
        </testcase>
        <testcase name="org.ruff.D404" classname="E:\Repositories\JARVIS\python\jarvis\const" line="2" column="1">
            <failure message="First word of the docstring should not be &quot;This&quot;">line 2, col 1, First word of the docstring should not be &quot;This&quot;</failure>
        </testcase>
    </testsuite>
    <testsuite name="E:\Repositories\JARVIS\python\jarvis\cvis.py" tests="91" disabled="0" errors="0" failures="91" package="org.ruff">
        <testcase name="org.ruff.D200" classname="E:\Repositories\JARVIS\python\jarvis\cvis" line="2" column="1">
            <failure message="One-line docstring should fit on one line">line 2, col 1, One-line docstring should fit on one line</failure>
        </testcase>
        <testcase name="org.ruff.D212" classname="E:\Repositories\JARVIS\python\jarvis\cvis" line="2" column="1">
            <failure message="Multi-line docstring summary should start at the first line">line 2, col 1, Multi-line docstring summary should start at the first line</failure>
        </testcase>
        <testcase name="org.ruff.D404" classname="E:\Repositories\JARVIS\python\jarvis\cvis" line="2" column="1">
            <failure message="First word of the docstring should not be &quot;This&quot;">line 2, col 1, First word of the docstring should not be &quot;This&quot;</failure>
        </testcase>
        <testcase name="org.ruff.RUF013" classname="E:\Repositories\JARVIS\python\jarvis\cvis" line="24" column="40">
            <failure message="PEP 484 prohibits implicit `Optional`">line 24, col 40, PEP 484 prohibits implicit `Optional`</failure>
        </testcase>
        <testcase name="org.ruff.D205" classname="E:\Repositories\JARVIS\python\jarvis\cvis" line="25" column="5">
            <failure message="1 blank line required between summary line and description">line 25, col 5, 1 blank line required between summary line and description</failure>
        </testcase>
        <testcase name="org.ruff.D400" classname="E:\Repositories\JARVIS\python\jarvis\cvis" line="25" column="5">
            <failure message="First line should end with a period">line 25, col 5, First line should end with a period</failure>
        </testcase>
        <testcase name="org.ruff.D415" classname="E:\Repositories\JARVIS\python\jarvis\cvis" line="25" column="5">
            <failure message="First line should end with a period, question mark, or exclamation point">line 25, col 5, First line should end with a period, question mark, or exclamation point</failure>
        </testcase>
        <testcase name="org.ruff.ERA001" classname="E:\Repositories\JARVIS\python\jarvis\cvis" line="55" column="5">
            <failure message="Found commented-out code">line 55, col 5, Found commented-out code</failure>
        </testcase>
        <testcase name="org.ruff.D401" classname="E:\Repositories\JARVIS\python\jarvis\cvis" line="65" column="5">
            <failure message="First line of docstring should be in imperative mood: &quot;Makes a mask to remove the top stripe of the image.&quot;">line 65, col 5, First line of docstring should be in imperative mood: &quot;Makes a mask to remove the top stripe of the image.&quot;</failure>
        </testcase>
        <testcase name="org.ruff.D205" classname="E:\Repositories\JARVIS\python\jarvis\cvis" line="97" column="5">
            <failure message="1 blank line required between summary line and description">line 97, col 5, 1 blank line required between summary line and description</failure>
        </testcase>
[...]
            <failure message="Found commented-out code">line 374, col 1, Found commented-out code</failure>
        </testcase>
        <testcase name="org.ruff.ERA001" classname="E:\Repositories\JARVIS\python\main" line="376" column="1">
            <failure message="Found commented-out code">line 376, col 1, Found commented-out code</failure>
        </testcase>
        <testcase name="org.ruff.ERA001" classname="E:\Repositories\JARVIS\python\main" line="377" column="1">
            <failure message="Found commented-out code">line 377, col 1, Found commented-out code</failure>
        </testcase>
        <testcase name="org.ruff.ERA001" classname="E:\Repositories\JARVIS\python\main" line="378" column="1">
            <failure message="Found commented-out code">line 378, col 1, Found commented-out code</failure>
        </testcase>
        <testcase name="org.ruff.ERA001" classname="E:\Repositories\JARVIS\python\main" line="379" column="1">
            <failure message="Found commented-out code">line 379, col 1, Found commented-out code</failure>
        </testcase>
        <testcase name="org.ruff.ERA001" classname="E:\Repositories\JARVIS\python\main" line="380" column="1">
            <failure message="Found commented-out code">line 380, col 1, Found commented-out code</failure>
        </testcase>
        <testcase name="org.ruff.ERA001" classname="E:\Repositories\JARVIS\python\main" line="382" column="1">
            <failure message="Found commented-out code">line 382, col 1, Found commented-out code</failure>
        </testcase>
        <testcase name="org.ruff.ERA001" classname="E:\Repositories\JARVIS\python\main" line="383" column="1">
            <failure message="Found commented-out code">line 383, col 1, Found commented-out code</failure>
        </testcase>
        <testcase name="org.ruff.ERA001" classname="E:\Repositories\JARVIS\python\main" line="384" column="1">
            <failure message="Found commented-out code">line 384, col 1, Found commented-out code</failure>
        </testcase>
        <testcase name="org.ruff.ERA001" classname="E:\Repositories\JARVIS\python\main" line="385" column="1">
            <failure message="Found commented-out code">line 385, col 1, Found commented-out code</failure>
        </testcase>
        <testcase name="org.ruff.ERA001" classname="E:\Repositories\JARVIS\python\main" line="386" column="1">
            <failure message="Found commented-out code">line 386, col 1, Found commented-out code</failure>
        </testcase>
    </testsuite>
    <testsuite name="E:\Repositories\JARVIS\python\steps.py" tests="11" disabled="0" errors="0" failures="11" package="org.ruff">
        <testcase name="org.ruff.D100" classname="E:\Repositories\JARVIS\python\steps" line="1" column="1">
            <failure message="Missing docstring in public module">line 1, col 1, Missing docstring in public module</failure>
        </testcase>
        <testcase name="org.ruff.I001" classname="E:\Repositories\JARVIS\python\steps" line="2" column="1">
            <failure message="Import block is un-sorted or un-formatted">line 2, col 1, Import block is un-sorted or un-formatted</failure>
        </testcase>
        <testcase name="org.ruff.F401" classname="E:\Repositories\JARVIS\python\steps" line="2" column="19">
            <failure message="`cmasher` imported but unused">line 2, col 19, `cmasher` imported but unused</failure>
        </testcase>
        <testcase name="org.ruff.F401" classname="E:\Repositories\JARVIS\python\steps" line="3" column="20">
            <failure message="`jarvis.fits_from_glob` imported but unused">line 3, col 20, `jarvis.fits_from_glob` imported but unused</failure>
        </testcase>
        <testcase name="org.ruff.F401" classname="E:\Repositories\JARVIS\python\steps" line="3" column="43">
            <failure message="`jarvis.hst_fpath_list` imported but unused">line 3, col 43, `jarvis.hst_fpath_list` imported but unused</failure>
        </testcase>
        <testcase name="org.ruff.ERA001" classname="E:\Repositories\JARVIS\python\steps" line="8" column="1">
            <failure message="Found commented-out code">line 8, col 1, Found commented-out code</failure>
        </testcase>
        <testcase name="org.ruff.ERA001" classname="E:\Repositories\JARVIS\python\steps" line="10" column="1">
            <failure message="Found commented-out code">line 10, col 1, Found commented-out code</failure>
        </testcase>
        <testcase name="org.ruff.ERA001" classname="E:\Repositories\JARVIS\python\steps" line="11" column="1">
            <failure message="Found commented-out code">line 11, col 1, Found commented-out code</failure>
        </testcase>
        <testcase name="org.ruff.ERA001" classname="E:\Repositories\JARVIS\python\steps" line="12" column="1">
            <failure message="Found commented-out code">line 12, col 1, Found commented-out code</failure>
        </testcase>
        <testcase name="org.ruff.ERA001" classname="E:\Repositories\JARVIS\python\steps" line="13" column="1">
            <failure message="Found commented-out code">line 13, col 1, Found commented-out code</failure>
        </testcase>
        <testcase name="org.ruff.T201" classname="E:\Repositories\JARVIS\python\steps" line="17" column="1">
            <failure message="`print` found">line 17, col 1, `print` found</failure>
        </testcase>
    </testsuite>
    <testsuite name="E:\Repositories\JARVIS\python\sw_plot.py" tests="3" disabled="0" errors="0" failures="3" package="org.ruff">
        <testcase name="org.ruff.D100" classname="E:\Repositories\JARVIS\python\sw_plot" line="1" column="1">
            <failure message="Missing docstring in public module">line 1, col 1, Missing docstring in public module</failure>
        </testcase>
        <testcase name="org.ruff.D103" classname="E:\Repositories\JARVIS\python\sw_plot" line="11" column="5">
            <failure message="Missing docstring in public function">line 11, col 5, Missing docstring in public function</failure>
        </testcase>
        <testcase name="org.ruff.T201" classname="E:\Repositories\JARVIS\python\sw_plot" line="19" column="1">
            <failure message="`print` found">line 19, col 1, `print` found</failure>
        </testcase>
    </testsuite>
    <testsuite name="E:\Repositories\JARVIS\python\tests\__init__.py" tests="1" disabled="0" errors="0" failures="1" package="org.ruff">
        <testcase name="org.ruff.D104" classname="E:\Repositories\JARVIS\python\tests\__init__" line="1" column="1">
            <failure message="Missing docstring in public package">line 1, col 1, Missing docstring in public package</failure>
        </testcase>
    </testsuite>
    <testsuite name="E:\Repositories\JARVIS\python\tests\test_base.py" tests="12" disabled="0" errors="0" failures="12" package="org.ruff">
        <testcase name="org.ruff.D100" classname="E:\Repositories\JARVIS\python\tests\test_base" line="1" column="1">
            <failure message="Missing docstring in public module">line 1, col 1, Missing docstring in public module</failure>
        </testcase>
        <testcase name="org.ruff.D400" classname="E:\Repositories\JARVIS\python\tests\test_base" line="10" column="5">
            <failure message="First line should end with a period">line 10, col 5, First line should end with a period</failure>
        </testcase>
        <testcase name="org.ruff.D415" classname="E:\Repositories\JARVIS\python\tests\test_base" line="10" column="5">
            <failure message="First line should end with a period, question mark, or exclamation point">line 10, col 5, First line should end with a period, question mark, or exclamation point</failure>
        </testcase>
        <testcase name="org.ruff.D102" classname="E:\Repositories\JARVIS\python\tests\test_base" line="12" column="9">
            <failure message="Missing docstring in public method">line 12, col 9, Missing docstring in public method</failure>
        </testcase>
        <testcase name="org.ruff.D102" classname="E:\Repositories\JARVIS\python\tests\test_base" line="15" column="9">
            <failure message="Missing docstring in public method">line 15, col 9, Missing docstring in public method</failure>
        </testcase>
        <testcase name="org.ruff.ERA001" classname="E:\Repositories\JARVIS\python\tests\test_base" line="17" column="9">
            <failure message="Found commented-out code">line 17, col 9, Found commented-out code</failure>
        </testcase>
        <testcase name="org.ruff.D102" classname="E:\Repositories\JARVIS\python\tests\test_base" line="19" column="9">
            <failure message="Missing docstring in public method">line 19, col 9, Missing docstring in public method</failure>
        </testcase>
        <testcase name="org.ruff.D101" classname="E:\Repositories\JARVIS\python\tests\test_base" line="27" column="7">
            <failure message="Missing docstring in public class">line 27, col 7, Missing docstring in public class</failure>
        </testcase>
        <testcase name="org.ruff.D102" classname="E:\Repositories\JARVIS\python\tests\test_base" line="28" column="9">
            <failure message="Missing docstring in public method">line 28, col 9, Missing docstring in public method</failure>
        </testcase>
        <testcase name="org.ruff.D101" classname="E:\Repositories\JARVIS\python\tests\test_base" line="32" column="7">
            <failure message="Missing docstring in public class">line 32, col 7, Missing docstring in public class</failure>
        </testcase>
        <testcase name="org.ruff.D102" classname="E:\Repositories\JARVIS\python\tests\test_base" line="33" column="9">
            <failure message="Missing docstring in public method">line 33, col 9, Missing docstring in public method</failure>
        </testcase>
        <testcase name="org.ruff.D102" classname="E:\Repositories\JARVIS\python\tests\test_base" line="37" column="9">
            <failure message="Missing docstring in public method">line 37, col 9, Missing docstring in public method</failure>
        </testcase>
    </testsuite>
    <testsuite name="E:\Repositories\JARVIS\python\tests\test_fits.py" tests="9" disabled="0" errors="0" failures="9" package="org.ruff">
        <testcase name="org.ruff.D100" classname="E:\Repositories\JARVIS\python\tests\test_fits" line="1" column="1">
            <failure message="Missing docstring in public module">line 1, col 1, Missing docstring in public module</failure>
        </testcase>
        <testcase name="org.ruff.D103" classname="E:\Repositories\JARVIS\python\tests\test_fits" line="22" column="5">
            <failure message="Missing docstring in public function">line 22, col 5, Missing docstring in public function</failure>
        </testcase>
        <testcase name="org.ruff.D103" classname="E:\Repositories\JARVIS\python\tests\test_fits" line="27" column="5">
            <failure message="Missing docstring in public function">line 27, col 5, Missing docstring in public function</failure>
        </testcase>
        <testcase name="org.ruff.D103" classname="E:\Repositories\JARVIS\python\tests\test_fits" line="37" column="5">
            <failure message="Missing docstring in public function">line 37, col 5, Missing docstring in public function</failure>
        </testcase>
        <testcase name="org.ruff.D103" classname="E:\Repositories\JARVIS\python\tests\test_fits" line="47" column="5">
            <failure message="Missing docstring in public function">line 47, col 5, Missing docstring in public function</failure>
        </testcase>
        <testcase name="org.ruff.D103" classname="E:\Repositories\JARVIS\python\tests\test_fits" line="51" column="5">
            <failure message="Missing docstring in public function">line 51, col 5, Missing docstring in public function</failure>
        </testcase>
        <testcase name="org.ruff.D103" classname="E:\Repositories\JARVIS\python\tests\test_fits" line="56" column="5">
            <failure message="Missing docstring in public function">line 56, col 5, Missing docstring in public function</failure>
        </testcase>
        <testcase name="org.ruff.D103" classname="E:\Repositories\JARVIS\python\tests\test_fits" line="60" column="5">
            <failure message="Missing docstring in public function">line 60, col 5, Missing docstring in public function</failure>
        </testcase>
        <testcase name="org.ruff.D103" classname="E:\Repositories\JARVIS\python\tests\test_fits" line="66" column="5">
            <failure message="Missing docstring in public function">line 66, col 5, Missing docstring in public function</failure>
        </testcase>
    </testsuite>
    <testsuite name="E:\Repositories\JARVIS\python\tests\test_misc_utils.py" tests="2" disabled="0" errors="0" failures="2" package="org.ruff">
        <testcase name="org.ruff.D100" classname="E:\Repositories\JARVIS\python\tests\test_misc_utils" line="1" column="1">
            <failure message="Missing docstring in public module">line 1, col 1, Missing docstring in public module</failure>
        </testcase>
        <testcase name="org.ruff.D103" classname="E:\Repositories\JARVIS\python\tests\test_misc_utils" line="11" column="5">
            <failure message="Missing docstring in public function">line 11, col 5, Missing docstring in public function</failure>
        </testcase>
    </testsuite>
    <testsuite name="E:\Repositories\JARVIS\python\tests\test_paths.py" tests="5" disabled="0" errors="0" failures="5" package="org.ruff">
        <testcase name="org.ruff.D100" classname="E:\Repositories\JARVIS\python\tests\test_paths" line="1" column="1">
            <failure message="Missing docstring in public module">line 1, col 1, Missing docstring in public module</failure>
        </testcase>
        <testcase name="org.ruff.D103" classname="E:\Repositories\JARVIS\python\tests\test_paths" line="10" column="5">
            <failure message="Missing docstring in public function">line 10, col 5, Missing docstring in public function</failure>
        </testcase>
        <testcase name="org.ruff.D103" classname="E:\Repositories\JARVIS\python\tests\test_paths" line="14" column="5">
            <failure message="Missing docstring in public function">line 14, col 5, Missing docstring in public function</failure>
        </testcase>
        <testcase name="org.ruff.D103" classname="E:\Repositories\JARVIS\python\tests\test_paths" line="18" column="5">
            <failure message="Missing docstring in public function">line 18, col 5, Missing docstring in public function</failure>
        </testcase>
        <testcase name="org.ruff.D103" classname="E:\Repositories\JARVIS\python\tests\test_paths" line="23" column="5">
            <failure message="Missing docstring in public function">line 23, col 5, Missing docstring in public function</failure>
        </testcase>
    </testsuite>
    <testsuite name="E:\Repositories\JARVIS\python\time_conversions.py" tests="18" disabled="0" errors="0" failures="18" package="org.ruff">
        <testcase name="org.ruff.D100" classname="E:\Repositories\JARVIS\python\time_conversions" line="1" column="1">
            <failure message="Missing docstring in public module">line 1, col 1, Missing docstring in public module</failure>
        </testcase>
        <testcase name="org.ruff.ERA001" classname="E:\Repositories\JARVIS\python\time_conversions" line="2" column="1">
            <failure message="Found commented-out code">line 2, col 1, Found commented-out code</failure>
        </testcase>
        <testcase name="org.ruff.D103" classname="E:\Repositories\JARVIS\python\time_conversions" line="23" column="5">
            <failure message="Missing docstring in public function">line 23, col 5, Missing docstring in public function</failure>
        </testcase>
        <testcase name="org.ruff.ERA001" classname="E:\Repositories\JARVIS\python\time_conversions" line="31" column="9">
            <failure message="Found commented-out code">line 31, col 9, Found commented-out code</failure>
        </testcase>
        <testcase name="org.ruff.D103" classname="E:\Repositories\JARVIS\python\time_conversions" line="38" column="5">
            <failure message="Missing docstring in public function">line 38, col 5, Missing docstring in public function</failure>
        </testcase>
        <testcase name="org.ruff.ERA001" classname="E:\Repositories\JARVIS\python\time_conversions" line="46" column="9">
            <failure message="Found commented-out code">line 46, col 9, Found commented-out code</failure>
        </testcase>
        <testcase name="org.ruff.D103" classname="E:\Repositories\JARVIS\python\time_conversions" line="53" column="5">
            <failure message="Missing docstring in public function">line 53, col 5, Missing docstring in public function</failure>
        </testcase>
        <testcase name="org.ruff.ERA001" classname="E:\Repositories\JARVIS\python\time_conversions" line="58" column="9">
            <failure message="Found commented-out code">line 58, col 9, Found commented-out code</failure>
        </testcase>
        <testcase name="org.ruff.D103" classname="E:\Repositories\JARVIS\python\time_conversions" line="65" column="5">
            <failure message="Missing docstring in public function">line 65, col 5, Missing docstring in public function</failure>
        </testcase>
        <testcase name="org.ruff.ERA001" classname="E:\Repositories\JARVIS\python\time_conversions" line="71" column="9">
            <failure message="Found commented-out code">line 71, col 9, Found commented-out code</failure>
        </testcase>
        <testcase name="org.ruff.D103" classname="E:\Repositories\JARVIS\python\time_conversions" line="78" column="5">
            <failure message="Missing docstring in public function">line 78, col 5, Missing docstring in public function</failure>
        </testcase>
        <testcase name="org.ruff.ERA001" classname="E:\Repositories\JARVIS\python\time_conversions" line="83" column="9">
            <failure message="Found commented-out code">line 83, col 9, Found commented-out code</failure>
        </testcase>
        <testcase name="org.ruff.D103" classname="E:\Repositories\JARVIS\python\time_conversions" line="90" column="5">
            <failure message="Missing docstring in public function">line 90, col 5, Missing docstring in public function</failure>
        </testcase>
        <testcase name="org.ruff.ERA001" classname="E:\Repositories\JARVIS\python\time_conversions" line="95" column="9">
            <failure message="Found commented-out code">line 95, col 9, Found commented-out code</failure>
        </testcase>
        <testcase name="org.ruff.D103" classname="E:\Repositories\JARVIS\python\time_conversions" line="100" column="5">
            <failure message="Missing docstring in public function">line 100, col 5, Missing docstring in public function</failure>
        </testcase>
        <testcase name="org.ruff.RET504" classname="E:\Repositories\JARVIS\python\time_conversions" line="103" column="12">
            <failure message="Unnecessary assignment to `doy2004` before `return` statement">line 103, col 12, Unnecessary assignment to `doy2004` before `return` statement</failure>
        </testcase>
        <testcase name="org.ruff.D103" classname="E:\Repositories\JARVIS\python\time_conversions" line="106" column="5">
            <failure message="Missing docstring in public function">line 106, col 5, Missing docstring in public function</failure>
        </testcase>
        <testcase name="org.ruff.RET504" classname="E:\Repositories\JARVIS\python\time_conversions" line="109" column="12">
            <failure message="Unnecessary assignment to `pytimes` before `return` statement">line 109, col 12, Unnecessary assignment to `pytimes` before `return` statement</failure>
        </testcase>
    </testsuite>
</testsuites>
